<?xml version="1.0" encoding="UTF-8"?>
<!-- Generated by org.testng.reporters.JUnitReportReporter -->
<testsuite hostname="LAPTOP-21STD7K1" failures="0" tests="1" name="Activity.Project_06" time="42.370" errors="0" timestamp="2021-08-12T23:08:32 IST" skipped="0">
  <testcase classname="Activity.Project_06" name="testSearchAppium" time="42.370"/>
</testsuite> <!-- Activity.Project_06 -->
