<?xml version="1.0" encoding="UTF-8"?>
<!-- Generated by org.testng.reporters.JUnitReportReporter -->
<testsuite hostname="LAPTOP-21STD7K1" failures="0" tests="1" name="Activity.Project_01" time="28.778" errors="0" timestamp="2021-08-10T20:17:12 IST" skipped="0">
  <testcase classname="Activity.Project_01" name="add_task" time="28.778"/>
</testsuite> <!-- Activity.Project_01 -->
