<?xml version="1.0" encoding="UTF-8"?>
<!-- Generated by org.testng.reporters.JUnitReportReporter -->
<testsuite hostname="LAPTOP-21STD7K1" failures="0" tests="1" name="Activity.Project_05" time="31.031" errors="0" timestamp="2021-08-12T22:49:47 IST" skipped="0">
  <testcase classname="Activity.Project_05" name="testSearchAppium" time="31.031"/>
</testsuite> <!-- Activity.Project_05 -->
