<?xml version="1.0" encoding="UTF-8"?>
<!-- Generated by org.testng.reporters.JUnitReportReporter -->
<testsuite hostname="LAPTOP-21STD7K1" failures="0" tests="1" name="Activity.Project_03" time="26.321" errors="0" timestamp="2021-08-11T23:10:12 IST" skipped="0">
  <testcase classname="Activity.Project_03" name="add_task" time="26.321"/>
</testsuite> <!-- Activity.Project_03 -->
