<?xml version="1.0" encoding="UTF-8"?>
<!-- Generated by org.testng.reporters.JUnitReportReporter -->
<testsuite hostname="LAPTOP-21STD7K1" failures="0" tests="1" name="Activity.Project_04" time="28.092" errors="0" timestamp="2021-08-12T21:14:36 IST" skipped="0">
  <testcase classname="Activity.Project_04" name="testSearchAppium" time="28.092"/>
</testsuite> <!-- Activity.Project_04 -->
