<?xml version="1.0" encoding="UTF-8"?>
<!-- Generated by org.testng.reporters.JUnitReportReporter -->
<testsuite hostname="LAPTOP-21STD7K1" failures="0" tests="1" name="Activity.Activity_06" time="25.063" errors="0" timestamp="2021-08-09T19:58:54 IST" skipped="0">
  <testcase classname="Activity.Activity_06" name="testSearchAppium" time="25.063"/>
</testsuite> <!-- Activity.Activity_06 -->
