<?xml version="1.0" encoding="UTF-8"?>
<!-- Generated by org.testng.reporters.JUnitReportReporter -->
<testsuite hostname="LAPTOP-21STD7K1" failures="0" tests="4" name="Activity.Activity_03" time="15.048" errors="0" timestamp="2021-08-06T19:52:10 IST" skipped="0">
  <testcase classname="Activity.Activity_03" name="divide" time="3.624"/>
  <testcase classname="Activity.Activity_03" name="addition" time="3.420"/>
  <testcase classname="Activity.Activity_03" name="multiply" time="4.493"/>
  <testcase classname="Activity.Activity_03" name="subtract" time="3.511"/>
</testsuite> <!-- Activity.Activity_03 -->
