<?xml version="1.0" encoding="UTF-8"?>
<!-- Generated by org.testng.reporters.JUnitReportReporter -->
<testsuite hostname="LAPTOP-21STD7K1" failures="0" tests="1" name="Activity.Activity_04a" time="13.718" errors="0" timestamp="2021-08-09T12:21:51 IST" skipped="0">
  <testcase classname="Activity.Activity_04a" name="add_cont" time="13.718"/>
</testsuite> <!-- Activity.Activity_04a -->
