<?xml version="1.0" encoding="UTF-8"?>
<!-- Generated by org.testng.reporters.JUnitReportReporter -->
<testsuite hostname="LAPTOP-21STD7K1" failures="0" tests="1" name="Activity_01.NewTest" time="19.753" errors="0" timestamp="2021-08-06T12:20:59 IST" skipped="0">
  <testcase classname="Activity_01.NewTest" name="calc" time="19.753"/>
</testsuite> <!-- Activity_01.NewTest -->
