<?xml version="1.0" encoding="UTF-8"?>
<!-- Generated by org.testng.reporters.JUnitReportReporter -->
<testsuite hostname="LAPTOP-21STD7K1" failures="0" tests="1" name="Activity.Activity_02" time="6.562" errors="0" timestamp="2021-08-06T19:47:45 IST" skipped="0">
  <testcase classname="Activity.Activity_02" name="testSearchAppium" time="6.562"/>
</testsuite> <!-- Activity.Activity_02 -->
