<?xml version="1.0" encoding="UTF-8"?>
<!-- Generated by org.testng.reporters.JUnitReportReporter -->
<testsuite hostname="LAPTOP-21STD7K1" failures="0" tests="1" name="Activity.Activity_01" time="21.079" errors="0" timestamp="2021-08-06T12:51:21 IST" skipped="0">
  <testcase classname="Activity.Activity_01" name="calc" time="21.079"/>
</testsuite> <!-- Activity.Activity_01 -->
