<?xml version="1.0" encoding="UTF-8"?>
<!-- Generated by org.testng.reporters.JUnitReportReporter -->
<testsuite hostname="LAPTOP-21STD7K1" failures="0" tests="1" name="Activity.Activity_05" time="14.401" errors="0" timestamp="2021-08-09T15:26:08 IST" skipped="0">
  <testcase classname="Activity.Activity_05" name="add_cont" time="14.401"/>
</testsuite> <!-- Activity.Activity_05 -->
