<?xml version="1.0" encoding="UTF-8"?>
<!-- Generated by org.testng.reporters.JUnitReportReporter -->
<testsuite hostname="LAPTOP-21STD7K1" failures="0" tests="2" name="Activity.Activity01" time="3.934" errors="0" timestamp="2021-07-26T18:34:46 IST" skipped="0">
  <testcase classname="Activity.Activity01" name="Login" time="3.910"/>
  <system-out/>
  <testcase classname="Activity.Activity01" name="gettitle" time="0.024"/>
  <system-out/>
</testsuite> <!-- Activity.Activity01 -->
