<?xml version="1.0" encoding="UTF-8"?>
<!-- Generated by org.testng.reporters.JUnitReportReporter -->
<testsuite hostname="LAPTOP-21STD7K1" failures="0" tests="2" name="Activity.Activity06" time="3.970" errors="0" timestamp="2021-07-26T15:48:50 IST" skipped="0">
  <testcase classname="Activity.Activity06" name="Login" time="3.823"/>
  <system-out/>
  <testcase classname="Activity.Activity06" name="checkHomePage" time="0.147"/>
  <system-out/>
</testsuite> <!-- Activity.Activity06 -->
