<?xml version="1.0" encoding="UTF-8"?>
<!-- Generated by org.testng.reporters.JUnitReportReporter -->
<testsuite hostname="LAPTOP-21STD7K1" failures="0" tests="2" name="Activity.Activity05" time="5.127" errors="0" timestamp="2021-07-26T15:33:21 IST" skipped="0">
  <testcase classname="Activity.Activity05" name="Login" time="5.050"/>
  <system-out/>
  <testcase classname="Activity.Activity05" name="checkcolor" time="0.077"/>
  <system-out/>
</testsuite> <!-- Activity.Activity05 -->
