<?xml version="1.0" encoding="UTF-8"?>
<!-- Generated by org.testng.reporters.JUnitReportReporter -->
<testsuite hostname="LAPTOP-21STD7K1" failures="0" tests="2" name="Activity.Activity04" time="4.436" errors="0" timestamp="2021-07-26T12:47:27 IST" skipped="0">
  <testcase classname="Activity.Activity04" name="Login" time="4.353"/>
  <system-out/>
  <testcase classname="Activity.Activity04" name="checkHomePage" time="0.083"/>
  <system-out/>
</testsuite> <!-- Activity.Activity04 -->
