<?xml version="1.0" encoding="UTF-8"?>
<!-- Generated by org.testng.reporters.JUnitReportReporter -->
<testsuite hostname="LAPTOP-21STD7K1" failures="0" tests="3" name="Activity.Activity08" time="9.155" errors="0" timestamp="2021-07-27T11:15:33 IST" skipped="0">
  <testcase classname="Activity.Activity08" name="Login" time="4.526"/>
  <system-out/>
  <testcase classname="Activity.Activity08" name="checkSales" time="1.194"/>
  <system-out/>
  <testcase classname="Activity.Activity08" name="Info" time="3.435"/>
  <system-out/>
</testsuite> <!-- Activity.Activity08 -->
