<?xml version="1.0" encoding="UTF-8"?>
<!-- Generated by org.testng.reporters.JUnitReportReporter -->
<testsuite hostname="LAPTOP-21STD7K1" failures="0" tests="1" name="Activity.Activity02" time="0.059" errors="0" timestamp="2021-07-26T12:26:57 IST" skipped="0">
  <testcase classname="Activity.Activity02" name="Imgurl" time="0.059"/>
  <system-out/>
</testsuite> <!-- Activity.Activity02 -->
