<?xml version="1.0" encoding="UTF-8"?>
<!-- Generated by org.testng.reporters.JUnitReportReporter -->
<testsuite hostname="LAPTOP-21STD7K1" failures="0" tests="3" name="Activity.Activity09" time="8.365" errors="0" timestamp="2021-07-27T11:57:36 IST" skipped="0">
  <testcase classname="Activity.Activity09" name="Login" time="4.144"/>
  <system-out/>
  <testcase classname="Activity.Activity09" name="checkSales" time="1.269"/>
  <system-out/>
  <testcase classname="Activity.Activity09" name="Info" time="2.952"/>
  <system-out/>
</testsuite> <!-- Activity.Activity09 -->
