<?xml version="1.0" encoding="UTF-8"?>
<!-- Generated by org.testng.reporters.JUnitReportReporter -->
<testsuite hostname="LAPTOP-21STD7K1" failures="0" tests="3" name="Activity.Activity07" time="160.548" errors="0" timestamp="2021-07-28T11:31:44 IST" skipped="0">
  <testcase classname="Activity.Activity07" name="Login" time="3.790"/>
  <system-out/>
  <testcase classname="Activity.Activity07" name="checkSales" time="1.086"/>
  <system-out/>
  <testcase classname="Activity.Activity07" name="Info" time="155.672"/>
  <system-out/>
</testsuite> <!-- Activity.Activity07 -->
